[bb.coinmint.cc/index.html]
[backblue.gif]
[fade.gif]
[index.html]
[bb.coinmint.cc/skin/css/bootstrap.min.css]
[bb.coinmint.cc/skin/css/style.css]
[bb.coinmint.cc/skin/js/jquery.min.js]
[bb.coinmint.cc/skin/js/bootstrap.min.js]
[bb.coinmint.cc/skin/js/touchslide.1.1.js]
[bb.coinmint.cc/skin/js/common.js]
[bb.coinmint.cc/skin/js/flash.js]
[bb.coinmint.cc/skin/js/jquery.caroufredsel.js]
[bb.coinmint.cc/skin/css/animate.min.css]
[bb.coinmint.cc/skin/js/wow.min.js]
[bb.coinmint.cc/static/upload/image/20250418/1744947578806756.jpg]
[bb.coinmint.cc/index932e.html]
[bb.coinmint.cc/static/upload/image/20220928/1664346991219473.jpg]
[bb.coinmint.cc/index2b65.html]
[bb.coinmint.cc/indexdd4e.html]
[bb.coinmint.cc/index9a14.html]
[bb.coinmint.cc/indexc1a5.html]
[bb.coinmint.cc/index470e.html]
[bb.coinmint.cc/index5568.html]
[bb.coinmint.cc/indexb2be.html]
[bb.coinmint.cc/indexd7eb.html]
[bb.coinmint.cc/static/upload/image/20250417/1744856215937064.jpg]
[bb.coinmint.cc/index82b3.html]
[bb.coinmint.cc/static/upload/image/20250417/1744856539629915.jpg]
[bb.coinmint.cc/index074d.html]
[bb.coinmint.cc/index686e.html]
[bb.coinmint.cc/index4c5f.html]
[bb.coinmint.cc/static/upload/image/20250417/1744856823557097.jpg]
[bb.coinmint.cc/index7db5.html]
[bb.coinmint.cc/indexbe3e.html]
[bb.coinmint.cc/index0bc0.html]
[bb.coinmint.cc/static/upload/image/20250530/1748567049862319.png]
[bb.coinmint.cc/static/upload/image/20250417/1744857283787180.jpg]
[bb.coinmint.cc/index7f12.html]
[bb.coinmint.cc/index5b67.html]
[bb.coinmint.cc/indexdd9f.html]
[bb.coinmint.cc/static/upload/image/20250418/1744948160931225.jpg]
[bb.coinmint.cc/indexcd9c.html]
[bb.coinmint.cc/indexebf0.html]
[bb.coinmint.cc/index0c76.html]
[bb.coinmint.cc/index.php/sitemap.xml]
[bb.coinmint.cc/index.html]
[bb.coinmint.cc/skin/fonts/glyphicons-halflings-regular.eot]
[bb.coinmint.cc/skin/fonts/glyphicons-halflings-regular.ttf]
[bb.coinmint.cc/skin/css/bootstrap.min.css]
[bb.coinmint.cc/skin/fonts/glyphicons-halflings-regular.svg]
[bb.coinmint.cc/skin/css/font-awesome.min.css]
[bb.coinmint.cc/skin/css/style2.css]
[bb.coinmint.cc/skin/img/search.png]
[bb.coinmint.cc/skin/img/qq_3.gif]
[bb.coinmint.cc/skin/img/tel.jpg]
[bb.coinmint.cc/skin/img/left.png]
[bb.coinmint.cc/skin/img/right.png]
[bb.coinmint.cc/skin/img/home_top_bg.jpg]
[bb.coinmint.cc/skin/img/photo_bg.jpg]
[bb.coinmint.cc/skin/img/page_list_icon.png]
[bb.coinmint.cc/skin/img/li_0.png]
[bb.coinmint.cc/skin/img/u1.png]
[bb.coinmint.cc/skin/img/u2.png]
[bb.coinmint.cc/skin/img/u4.png]
[bb.coinmint.cc/skin/img/u5.png]
[bb.coinmint.cc/skin/css/style.css]
[bb.coinmint.cc/skin/css/animate.min.css]
[bb.coinmint.cc/skin/img/line.jpg]
[bb.coinmint.cc/index932e.html]
[bb.coinmint.cc/index2b65.html]
[bb.coinmint.cc/indexc1a5.html]
[bb.coinmint.cc/indexdd4e.html]
[bb.coinmint.cc/index9a14.html]
[bb.coinmint.cc/index470e.html]
[bb.coinmint.cc/index5568.html]
[bb.coinmint.cc/static/upload/image/20250417/1744855399172860.png]
[bb.coinmint.cc/static/upload/image/20250417/1744860950101579.png]
[bb.coinmint.cc/static/upload/image/20250530/1748566865228697.png]
[bb.coinmint.cc/static/upload/image/20250622/1750524060119904.png]
[bb.coinmint.cc/static/upload/image/20250622/1750525310758344.jpg]
[bb.coinmint.cc/static/upload/image/20250622/1750525571189182.jpg]
[bb.coinmint.cc/static/upload/image/20250622/1750525072144914.png]
[bb.coinmint.cc/static/upload/image/20250622/1750527506419934.jpg]
[bb.coinmint.cc/static/upload/image/20250622/1750527996882663.jpg]
[bb.coinmint.cc/static/upload/image/20250622/1750527769831142.jpg]
[bb.coinmint.cc/indexb2be.html]
[bb.coinmint.cc/static/upload/image/20250622/1750528396927506.jpg]
[bb.coinmint.cc/indexd7eb.html]
[bb.coinmint.cc/index82b3.html]
[bb.coinmint.cc/index074d.html]
[bb.coinmint.cc/index686e.html]
[bb.coinmint.cc/index4c5f.html]
[bb.coinmint.cc/static/upload/image/20250622/1750528953204275.png]
[bb.coinmint.cc/index7db5.html]
[bb.coinmint.cc/indexbe3e.html]
[bb.coinmint.cc/index0bc0.html]
[bb.coinmint.cc/static/upload/image/20220927/1664249217591215.jpg]
[bb.coinmint.cc/index7f12.html]
[bb.coinmint.cc/index5b67.html]
[bb.coinmint.cc/indexdd9f.html]
[bb.coinmint.cc/indexcd9c.html]
[bb.coinmint.cc/indexebf0.html]
[bb.coinmint.cc/index0c76.html]
[bb.coinmint.cc/pc.html]
[bb.coinmint.cc/skin/fonts/glyphicons-halflings-regular.html]
[bb.coinmint.cc/skin/fonts/glyphicons-halflings-regular-2.html]
[bb.coinmint.cc/skin/fonts/glyphicons-halflings-regular.svg]
[bb.coinmint.cc/static/upload/other/20250417/1744861854966853.jpg]
[bb.coinmint.cc/static/upload/image/20250530/1748567164963359.png]
[bb.coinmint.cc/static/upload/image/20250622/1750528671105322.png]
[bb.coinmint.cc/skin/fonts/fontawesome-webfont.eot]
[bb.coinmint.cc/skin/fonts/fontawesome-webfont.ttf]
[bb.coinmint.cc/skin/css/font-awesome.min.css]
[bb.coinmint.cc/skin/fonts/fontawesome-webfont.svg]
[bb.coinmint.cc/skin/css/style2.css]
[bb.coinmint.cc/skin/img/u3.html]
[bb.coinmint.cc/skin/fonts/fontawesome-webfont.html]
[bb.coinmint.cc/skin/fonts/fontawesome-webfont.svg]
[bb.coinmint.cc/skin/fonts/cd-arrow.svg]
[bb.coinmint.cc/skin/fonts/cd-arrow.svg]
